<?xml version="1.0" encoding="UTF-8"?>
<testng-results ignored="0" total="1" passed="1" failed="0" skipped="0">
  <reporter-output>
  </reporter-output>
  <suite started-at="2022-07-06T20:23:34 IST" name="Default suite" finished-at="2022-07-06T20:23:37 IST" duration-ms="3838">
    <groups>
    </groups>
    <test started-at="2022-07-06T20:23:34 IST" name="Default test" finished-at="2022-07-06T20:23:37 IST" duration-ms="3838">
      <class name="JsonPositiveFlow.UpdatingResource">
        <test-method signature="UpdateUser()[pri:0, instance:JsonPositiveFlow.UpdatingResource@6babf3bf]" started-at="2022-07-06T20:23:34 IST" name="UpdateUser" finished-at="2022-07-06T20:23:37 IST" duration-ms="3810" status="PASS">
          <reporter-output>
          </reporter-output>
        </test-method> <!-- UpdateUser -->
      </class> <!-- JsonPositiveFlow.UpdatingResource -->
    </test> <!-- Default test -->
  </suite> <!-- Default suite -->
</testng-results>
